  RoboCatClientPCH.cpp
  YarnClient.cpp
  WindowManager.cpp
  TextureManager.cpp
  Texture.cpp
  SpriteComponent.cpp
  RoboCatClient.cpp
  ReplicationManagerClient.cpp
  RenderManager.cpp
  NetworkManagerClient.cpp
  MouseClient.cpp
  InputManager.cpp
  HUD.cpp
  GraphicsDriver.cpp
  ClientMain.cpp
  Client.cpp
  Generating Code...
  RoboCatClient.vcxproj -> F:\Users\GrapeCauliflower\Documents\CPP-Multimplayer-CA3\Panzer töten\Debug\RoboCatClient.exe
  RoboCatClient.vcxproj -> F:\Users\GrapeCauliflower\Documents\CPP-Multimplayer-CA3\Panzer töten\Debug\RoboCatClient.pdb (Partial PDB)
  0 File(s) copied
