  RoboCatPCH.cpp
  AckRange.cpp
  DeliveryNotificationManager.cpp
  Engine.cpp
  GameObject.cpp
  GameObjectRegistry.cpp
  InFlightPacket.cpp
  InputState.cpp
  MemoryBitStream.cpp
  Mouse.cpp
  Move.cpp
  MoveList.cpp
  NetworkManager.cpp
  RoboCat.cpp
  RoboMath.cpp
  ScoreBoardManager.cpp
  SocketAddress.cpp
  SocketAddressFactory.cpp
  SocketUtil.cpp
f:\users\grapecauliflower\documents\cpp-multimplayer-ca3\panzer töten\robocat\src\socketutil.cpp(90): warning C4100: 'ioNaxNfds': unreferenced formal parameter
  StringUtils.cpp
  TCPSocket.cpp
  Generating Code...
  Compiling...
  Timing.cpp
  UDPSocket.cpp
  World.cpp
  Yarn.cpp
  Generating Code...
  RoboCat.vcxproj -> F:\Users\GrapeCauliflower\Documents\CPP-Multimplayer-CA3\Panzer töten\RoboCat\Bin\Debug\RoboCat.lib
